<?xml version="1.0" encoding="UTF-8"?>
<Site BuildName="Linux-g++-11"
	BuildStamp="20240225-0157-Experimental"
	Name="sun-tzu"
	Generator="ctest-3.16.3"
	CompilerName="/lusr/bin/g++-11"
	CompilerVersion=""
	OSName="Linux"
	Hostname="special-k"
	OSRelease="5.15.0-92-generic"
	OSVersion="#102~20.04.1-Ubuntu SMP Mon Jan 15 13:09:14 UTC 2024"
	OSPlatform="x86_64"
	Is64Bits="1"
	VendorString="GenuineIntel"
	VendorID="Intel Corporation"
	FamilyID="6"
	ModelID="165"
	ProcessorCacheSize="16384"
	NumberOfLogicalCPU="16"
	NumberOfPhysicalCPU="8"
	TotalVirtualMemory="3811"
	TotalPhysicalMemory="31805"
	LogicalProcessorsPerPhysical="2"
	ProcessorClockFrequency="3400"
	>
	<Testing>
		<StartDateTime>Feb 25 08:21 CST</StartDateTime>
		<StartTestTime>1708870890</StartTestTime>
		<TestList/>
		<EndDateTime>Feb 25 08:21 CST</EndDateTime>
		<EndTestTime>1708870890</EndTestTime>
		<ElapsedMinutes>0</ElapsedMinutes>
	</Testing>
</Site>
