<?xml version="1.0" encoding="UTF-8"?>
<Site BuildName="Linux-g++-11"
	BuildStamp="20240222-0201-Experimental"
	Name="sun-tzu"
	Generator="ctest-3.16.3"
	CompilerName="/lusr/bin/g++-11"
	CompilerVersion=""
	OSName="Linux"
	Hostname="sun-tzu"
	OSRelease="5.4.0-170-generic"
	OSVersion="#188-Ubuntu SMP Wed Jan 10 09:51:01 UTC 2024"
	OSPlatform="x86_64"
	Is64Bits="1"
	VendorString="GenuineIntel"
	VendorID="Intel Corporation"
	FamilyID="6"
	ModelID="94"
	ProcessorCacheSize="8192"
	NumberOfLogicalCPU="8"
	NumberOfPhysicalCPU="4"
	TotalVirtualMemory="3811"
	TotalPhysicalMemory="15888"
	LogicalProcessorsPerPhysical="2"
	ProcessorClockFrequency="3331.82"
	>
	<Testing>
		<StartDateTime>Feb 22 14:11 CST</StartDateTime>
		<StartTestTime>1708632713</StartTestTime>
		<TestList/>
		<EndDateTime>Feb 22 14:11 CST</EndDateTime>
		<EndTestTime>1708632713</EndTestTime>
		<ElapsedMinutes>0</ElapsedMinutes>
	</Testing>
</Site>
